           ______________________________________________________L.A.N19:SonicCalc_v0.1______________________________________________________            
 bit b0=0 |  * * * * * * * * * * * * * * * * * * * * * * * * * * * * * * * * * * * * * * * * * * * * * * * * * * * * * * * * * * * * * * * * |          
 bit b1=1 |   **  **  **  **  **  **  **  **  **  **  **  **  **  **  **  **  **  **  **  **  **  **  **  **  **  **  **  **  **  **  **  ** |          
 bit b2=1 |     ****    ****    ****    ****    ****    ****    ****    ****    ****    ****    ****    ****    ****    ****    ****    **** |          
 bit b3=1 |         ********        ********        ********        ********        ********        ********        ********        ******** |          
 bit b4=0 |                 ****************                ****************                ****************                **************** |          
 bit b5=0 |                                 ********************************                                ******************************** |          
 bit b6=0 |                                                                 **************************************************************** |          
          |               *                                                                                                                  |          
 clo c0=0 |  1 1 1 1 1 1 1 1 1 1 1 1 1 1 1 1 1 1 1 1 1 1 1 1 1 1 1 1 1 1 1 1 1 1 1 1 1 1 1 1 1 1 1 1 1 1 1 1 1 1 1 1 1 1 1 1 1 1 1 1 1 1 1 1 |          
 clo c1=2 |  123 123 123 123 123 123 123 123 123 123 123 123 123 123 123 123 123 123 123 123 123 123 123 123 123 123 123 123 123 123 123 123 |          
 clo c2=6 |  1234567 1234567 1234567 1234567 1234567 1234567 1234567 1234567 1234567 1234567 1234567 1234567 1234567 1234567 1234567 1234567 |          
 clo c3=e |  123456789abcdef 123456789abcdef 123456789abcdef 123456789abcdef 123456789abcdef 123456789abcdef 123456789abcdef 123456789abcdef |          
 clo c4=e |  123456789abcdefghijklmnopqrstuv 123456789abcdefghijklmnopqrstuv 123456789abcdefghijklmnopqrstuv 123456789abcdefghijklmnopqrstuv |          
          |               *                                                                                                                  |          
 clo cb=7 |     111122223333444455556666777788889999aaaabbbbccccddddeeeeffffgggghhhhiiiijjjjkkkkllllmmmmnnnnooooppppqqqqrrrrssssttttuuuuvvvv |          
 clo cc=3 |         111111112222222233333333444444445555555566666666777777778888888899999999aaaaaaaabbbbbbbbccccccccddddddddeeeeeeeeffffffff |          
 clo cd=1 |                 1111111111111111222222222222222233333333333333334444444444444444555555555555555566666666666666667777777777777777 |          
 clo ce=0 |                                 111111111111111111111111111111112222222222222222222222222222222233333333333333333333333333333333 |          
 clo cf=0 |                                                                 1111111111111111111111111111111111111111111111111111111111111111 |          
 clo cg=0 |                                                                                                                                  |          
 alg a0   | n0=b0*2+b1+b3+c0+cb; n1=b2*6+cb+c1;t=1.75;p0=b0-b1;p1=b2-b0;                                                                     |          
 alg a1   | n0=b0*2+b1+b3;n1=b2*6;t=1.75;p0=b0-b1;p1=b2-b0                                                                                   |          
 alg a2   | n0=(b1+b2);na=b0                                                                                                                 |          
 alg a3   | n1=(b1&b2)+b0;na=b0;nb=b1|b2                                                                                                     |          
 alg a4   | n1=(b1&b2)+b0; n0=b0; p0=b1-b0; na=b0; nb=b1|b2; nc=b1&b0                                                                        |          
 alg a5   | n0=b0*2+b1+b3; n2=b2*6; na=b0; nb=b1|b2; nc=b1&b0; nd=b2&b0;                                                                     |          
 alg a6   | n0=b0*2+b1+b3; n2=b2*6; sle=0.025;nb=b1|b2; nc=b1&b0; nd=b2&b0;                                                                  |          
 alg a7   |                                                                                                                                  |          
 alg a8   |                                                                                                                                  |          
 alg a9   |                                                                                                                                  |          
      exe | alg 0: n0=b0*2+b1+b3+c0+cb; n1=b2*6+cb+c1;t=1.75;p0=b0-b1;p1=b2-b0;                                                              |          
          |__________________________________________________________________________________________________________________________________|
  joins of calc: ([def,clo]->[bit])->([exe]->([alg_,ply_,tim_,fx_])[5, 11, 0, 0, 0, 0, 0, 0, 0, 0, 0, 0, 0, 0, 0, 0]
Command-Mode:
a1=1 # algo 1 switch on
a1 # toggle algo 1 on/off
A # switch on algo display
a1: # edit algorithm one
.   _____   _____   _____   _____   _____   _____   _____
.  |mod  | |lin  | |num  | |     | |  *  | |  /  | |     |
.  |__(X)| |__(X)| |__(X)| |_____| |^____| |%____| |_____|
.                           _____   _____   _____   _____
.                          |  7  | |  8  | |  9  | |  -  |
.                          |h_hlp| |i_tim| |j_oin| |&____|
.                           _____   _____   _____   _____
.                          |  4  | |  5  | |  6  | |  +  |
.                          |e_exe| |f_fx_| |g_ear| ||____|
.           _____           _____   _____   _____   _____
.          |  ^  |         |  1  | |  2  | |  3  | |     |
.          |__|__|         |b_bit| |c_clo| |d_def| |     |
.   _____   _____   _____   _____   _____   _____  |   | |
.  |  <  | |  |  | |  >  | |  (  | |  0  | |  )  | | <-' |
.  |s_sca| |p_pan| |n_ote| |_____| |a_alg| |_____| |_____|